[0.462s] Invoking command in '/home/lee/webots_ros2_ld90': PYTHONPATH=/home/lee/webots_ros2_ld90/build/webots_ros2_ld90/prefix_override:/home/lee/webots_ros2_ld90/install/webots_ros2_ld90/lib/python3.10/site-packages:${PYTHONPATH} /usr/bin/python3 -W ignore:setup.py install is deprecated setup.py egg_info --egg-base build/webots_ros2_ld90 build --build-base /home/lee/webots_ros2_ld90/build/webots_ros2_ld90/build install --record /home/lee/webots_ros2_ld90/build/webots_ros2_ld90/install.log --single-version-externally-managed install_data
[0.617s] running egg_info
[0.618s] creating build/webots_ros2_ld90/webots_ros2_ld90.egg-info
[0.618s] writing build/webots_ros2_ld90/webots_ros2_ld90.egg-info/PKG-INFO
[0.618s] writing dependency_links to build/webots_ros2_ld90/webots_ros2_ld90.egg-info/dependency_links.txt
[0.618s] writing entry points to build/webots_ros2_ld90/webots_ros2_ld90.egg-info/entry_points.txt
[0.618s] writing requirements to build/webots_ros2_ld90/webots_ros2_ld90.egg-info/requires.txt
[0.618s] writing top-level names to build/webots_ros2_ld90/webots_ros2_ld90.egg-info/top_level.txt
[0.618s] writing manifest file 'build/webots_ros2_ld90/webots_ros2_ld90.egg-info/SOURCES.txt'
[0.619s] reading manifest file 'build/webots_ros2_ld90/webots_ros2_ld90.egg-info/SOURCES.txt'
[0.619s] adding license file 'LICENSE'
[0.620s] writing manifest file 'build/webots_ros2_ld90/webots_ros2_ld90.egg-info/SOURCES.txt'
[0.620s] running build
[0.620s] running build_py
[0.620s] creating /home/lee/webots_ros2_ld90/build/webots_ros2_ld90/build
[0.620s] creating /home/lee/webots_ros2_ld90/build/webots_ros2_ld90/build/lib
[0.620s] creating /home/lee/webots_ros2_ld90/build/webots_ros2_ld90/build/lib/webots_ros2_ld90
[0.620s] copying webots_ros2_ld90/__init__.py -> /home/lee/webots_ros2_ld90/build/webots_ros2_ld90/build/lib/webots_ros2_ld90
[0.620s] running install
[0.620s] running install_lib
[0.621s] creating /home/lee/webots_ros2_ld90/install/webots_ros2_ld90/lib/python3.10/site-packages/webots_ros2_ld90
[0.621s] copying /home/lee/webots_ros2_ld90/build/webots_ros2_ld90/build/lib/webots_ros2_ld90/__init__.py -> /home/lee/webots_ros2_ld90/install/webots_ros2_ld90/lib/python3.10/site-packages/webots_ros2_ld90
[0.621s] byte-compiling /home/lee/webots_ros2_ld90/install/webots_ros2_ld90/lib/python3.10/site-packages/webots_ros2_ld90/__init__.py to __init__.cpython-310.pyc
[0.621s] running install_data
[0.621s] creating /home/lee/webots_ros2_ld90/install/webots_ros2_ld90/share/ament_index
[0.621s] creating /home/lee/webots_ros2_ld90/install/webots_ros2_ld90/share/ament_index/resource_index
[0.621s] creating /home/lee/webots_ros2_ld90/install/webots_ros2_ld90/share/ament_index/resource_index/packages
[0.621s] copying resource/webots_ros2_ld90 -> /home/lee/webots_ros2_ld90/install/webots_ros2_ld90/share/ament_index/resource_index/packages
[0.621s] creating /home/lee/webots_ros2_ld90/install/webots_ros2_ld90/share/webots_ros2_ld90/protos
[0.622s] copying protos/LD90.proto -> /home/lee/webots_ros2_ld90/install/webots_ros2_ld90/share/webots_ros2_ld90/protos
[0.622s] copying protos/LD90RearDistanceSensor.proto -> /home/lee/webots_ros2_ld90/install/webots_ros2_ld90/share/webots_ros2_ld90/protos
[0.622s] copying protos/SickLms291.proto -> /home/lee/webots_ros2_ld90/install/webots_ros2_ld90/share/webots_ros2_ld90/protos
[0.622s] creating /home/lee/webots_ros2_ld90/install/webots_ros2_ld90/share/webots_ros2_ld90/protos/meshes
[0.622s] copying protos/meshes/LD_Platform.STL -> /home/lee/webots_ros2_ld90/install/webots_ros2_ld90/share/webots_ros2_ld90/protos/meshes
[0.627s] creating /home/lee/webots_ros2_ld90/install/webots_ros2_ld90/share/webots_ros2_ld90/protos/textures
[0.627s] copying protos/textures/sick_lms291_roughness.jpg -> /home/lee/webots_ros2_ld90/install/webots_ros2_ld90/share/webots_ros2_ld90/protos/textures
[0.627s] copying protos/textures/sick_lms291.png -> /home/lee/webots_ros2_ld90/install/webots_ros2_ld90/share/webots_ros2_ld90/protos/textures
[0.627s] creating /home/lee/webots_ros2_ld90/install/webots_ros2_ld90/share/webots_ros2_ld90/worlds
[0.627s] copying worlds/my_ld90.wbt -> /home/lee/webots_ros2_ld90/install/webots_ros2_ld90/share/webots_ros2_ld90/worlds
[0.627s] copying worlds/contest.wbt -> /home/lee/webots_ros2_ld90/install/webots_ros2_ld90/share/webots_ros2_ld90/worlds
[0.628s] copying worlds/contest_non_ped.wbt -> /home/lee/webots_ros2_ld90/install/webots_ros2_ld90/share/webots_ros2_ld90/worlds
[0.628s] creating /home/lee/webots_ros2_ld90/install/webots_ros2_ld90/share/webots_ros2_ld90/resource
[0.628s] copying resource/ros2control.yaml -> /home/lee/webots_ros2_ld90/install/webots_ros2_ld90/share/webots_ros2_ld90/resource
[0.628s] copying resource/LD90.urdf -> /home/lee/webots_ros2_ld90/install/webots_ros2_ld90/share/webots_ros2_ld90/resource
[0.628s] creating /home/lee/webots_ros2_ld90/install/webots_ros2_ld90/share/webots_ros2_ld90/launch
[0.628s] copying launch/robot_launch.py -> /home/lee/webots_ros2_ld90/install/webots_ros2_ld90/share/webots_ros2_ld90/launch
[0.628s] copying package.xml -> /home/lee/webots_ros2_ld90/install/webots_ros2_ld90/share/webots_ros2_ld90
[0.628s] running install_egg_info
[0.629s] Copying build/webots_ros2_ld90/webots_ros2_ld90.egg-info to /home/lee/webots_ros2_ld90/install/webots_ros2_ld90/lib/python3.10/site-packages/webots_ros2_ld90-0.0.0-py3.10.egg-info
[0.630s] running install_scripts
[0.643s] writing list of installed files to '/home/lee/webots_ros2_ld90/build/webots_ros2_ld90/install.log'
[0.659s] Invoked command in '/home/lee/webots_ros2_ld90' returned '0': PYTHONPATH=/home/lee/webots_ros2_ld90/build/webots_ros2_ld90/prefix_override:/home/lee/webots_ros2_ld90/install/webots_ros2_ld90/lib/python3.10/site-packages:${PYTHONPATH} /usr/bin/python3 -W ignore:setup.py install is deprecated setup.py egg_info --egg-base build/webots_ros2_ld90 build --build-base /home/lee/webots_ros2_ld90/build/webots_ros2_ld90/build install --record /home/lee/webots_ros2_ld90/build/webots_ros2_ld90/install.log --single-version-externally-managed install_data
